<?xml version="1.0" encoding="UTF-8"?>
<testsuite name="edu.drexel.se320.SeleniumTest" tests="9" skipped="0" failures="0" errors="0" timestamp="2025-12-05T17:38:08.300Z" hostname="SAMIIWORKAHOLIC" time="32.742">
  <properties/>
  <testcase name="testRemovingTodoDoesNotAffectOthers()" classname="edu.drexel.se320.SeleniumTest" time="5.073"/>
  <testcase name="testOneItem()" classname="edu.drexel.se320.SeleniumTest" time="2.584"/>
  <testcase name="testAddButtonHiddenAtThreeItemsAndReappearsAfterDelete()" classname="edu.drexel.se320.SeleniumTest" time="6.879"/>
  <testcase name="testTogglingControlsDoesNotAffectTodoList()" classname="edu.drexel.se320.SeleniumTest" time="2.72"/>
  <testcase name="testControlsCanBeRevealedAndHidden()" classname="edu.drexel.se320.SeleniumTest" time="2.68"/>
  <testcase name="testAddEmptyStringCreatesBlankTodoItem()" classname="edu.drexel.se320.SeleniumTest" time="2.582"/>
  <testcase name="testAddSingleTodoShowsUpWithCorrectText()" classname="edu.drexel.se320.SeleniumTest" time="2.632"/>
  <testcase name="testDeleteAllTodosLeavesEmptyList()" classname="edu.drexel.se320.SeleniumTest" time="4.791"/>
  <testcase name="testAddMultipleTodosInOrder()" classname="edu.drexel.se320.SeleniumTest" time="2.8"/>
  <system-out><![CDATA[]]></system-out>
  <system-err><![CDATA[Dec 05, 2025 12:38:08 PM org.openqa.selenium.manager.SeleniumManager lambda$runCommand$1
WARNING: The geckodriver version (0.35.0) detected in PATH at C:\Tools\geckodriver\geckodriver.exe might not be compatible with the detected firefox version (145.0.2); currently, geckodriver 0.36.0 is recommended for firefox 145.*, so it is advised to delete the driver in PATH and retry
Dec 05, 2025 12:38:13 PM org.openqa.selenium.manager.SeleniumManager lambda$runCommand$1
WARNING: The geckodriver version (0.35.0) detected in PATH at C:\Tools\geckodriver\geckodriver.exe might not be compatible with the detected firefox version (145.0.2); currently, geckodriver 0.36.0 is recommended for firefox 145.*, so it is advised to delete the driver in PATH and retry
Dec 05, 2025 12:38:16 PM org.openqa.selenium.manager.SeleniumManager lambda$runCommand$1
WARNING: The geckodriver version (0.35.0) detected in PATH at C:\Tools\geckodriver\geckodriver.exe might not be compatible with the detected firefox version (145.0.2); currently, geckodriver 0.36.0 is recommended for firefox 145.*, so it is advised to delete the driver in PATH and retry
Dec 05, 2025 12:38:22 PM org.openqa.selenium.manager.SeleniumManager lambda$runCommand$1
WARNING: The geckodriver version (0.35.0) detected in PATH at C:\Tools\geckodriver\geckodriver.exe might not be compatible with the detected firefox version (145.0.2); currently, geckodriver 0.36.0 is recommended for firefox 145.*, so it is advised to delete the driver in PATH and retry
Dec 05, 2025 12:38:25 PM org.openqa.selenium.manager.SeleniumManager lambda$runCommand$1
WARNING: The geckodriver version (0.35.0) detected in PATH at C:\Tools\geckodriver\geckodriver.exe might not be compatible with the detected firefox version (145.0.2); currently, geckodriver 0.36.0 is recommended for firefox 145.*, so it is advised to delete the driver in PATH and retry
Dec 05, 2025 12:38:28 PM org.openqa.selenium.manager.SeleniumManager lambda$runCommand$1
WARNING: The geckodriver version (0.35.0) detected in PATH at C:\Tools\geckodriver\geckodriver.exe might not be compatible with the detected firefox version (145.0.2); currently, geckodriver 0.36.0 is recommended for firefox 145.*, so it is advised to delete the driver in PATH and retry
Dec 05, 2025 12:38:30 PM org.openqa.selenium.manager.SeleniumManager lambda$runCommand$1
WARNING: The geckodriver version (0.35.0) detected in PATH at C:\Tools\geckodriver\geckodriver.exe might not be compatible with the detected firefox version (145.0.2); currently, geckodriver 0.36.0 is recommended for firefox 145.*, so it is advised to delete the driver in PATH and retry
Dec 05, 2025 12:38:33 PM org.openqa.selenium.manager.SeleniumManager lambda$runCommand$1
WARNING: The geckodriver version (0.35.0) detected in PATH at C:\Tools\geckodriver\geckodriver.exe might not be compatible with the detected firefox version (145.0.2); currently, geckodriver 0.36.0 is recommended for firefox 145.*, so it is advised to delete the driver in PATH and retry
Dec 05, 2025 12:38:38 PM org.openqa.selenium.manager.SeleniumManager lambda$runCommand$1
WARNING: The geckodriver version (0.35.0) detected in PATH at C:\Tools\geckodriver\geckodriver.exe might not be compatible with the detected firefox version (145.0.2); currently, geckodriver 0.36.0 is recommended for firefox 145.*, so it is advised to delete the driver in PATH and retry
]]></system-err>
</testsuite>
